2025-09-24 15:42:46,173 - INFO - 分层管理器初始化完成。
2025-09-24 15:42:46,268 - INFO - 已为所有前提变量生成参考点。
2025-09-24 15:42:46,272 - INFO - ==================== 开始10折交叉验证 (保存预测结果与模型权重) ====================
2025-09-24 15:42:46,276 - INFO - 
--- 正在进行第 1/10 折 ---
2025-09-24 15:42:46,278 - INFO - [Fold 1] 正在为SEM-Based模型训练...
2025-09-24 15:42:46,314 - INFO - 分层规则生成器初始化完成。
2025-09-24 15:42:46,316 - INFO - 成功生成 7 条基于SEM知识的分层规则。
2025-09-24 15:42:46,316 - INFO - 规则优化器初始化完成 (复合目标优化模式)。
2025-09-24 15:42:46,316 - INFO - 开始对 7 条规则的权重进行优化 (最大迭代次数: 30)...
2025-09-24 15:45:49,705 - INFO - 权重优化完成！训练集上最优复合分数: 0.9032
2025-09-24 15:45:49,708 - INFO - [Fold 1] 正在为Heuristic模型训练...
2025-09-24 15:45:49,725 - INFO - 分层规则生成器初始化完成。
2025-09-24 15:45:49,726 - INFO - 成功生成 7 条基于启发式知识的分层规则。
2025-09-24 15:45:49,726 - INFO - 规则优化器初始化完成 (复合目标优化模式)。
2025-09-24 15:45:49,727 - INFO - 开始对 7 条规则的权重进行优化 (最大迭代次数: 30)...
2025-09-24 15:49:12,814 - INFO - 权重优化完成！训练集上最优复合分数: 0.9021
2025-09-24 15:49:12,815 - INFO - 分层BRB推理引擎初始化完成。 (模式: 启用病史调节)
2025-09-24 15:49:12,846 - INFO - 分层BRB推理引擎初始化完成。 (模式: 关闭病史调节)
2025-09-24 15:49:12,882 - INFO - 分层BRB推理引擎初始化完成。 (模式: 启用病史调节)
2025-09-24 15:49:13,306 - INFO - 第 1 折完成.
2025-09-24 15:49:13,307 - INFO - 
--- 正在进行第 2/10 折 ---
2025-09-24 15:49:13,311 - INFO - [Fold 2] 正在为SEM-Based模型训练...
2025-09-24 15:49:13,317 - INFO - 分层规则生成器初始化完成。
2025-09-24 15:49:13,319 - INFO - 成功生成 7 条基于SEM知识的分层规则。
2025-09-24 15:49:13,319 - INFO - 规则优化器初始化完成 (复合目标优化模式)。
2025-09-24 15:49:13,320 - INFO - 开始对 7 条规则的权重进行优化 (最大迭代次数: 30)...
2025-09-24 15:54:05,622 - INFO - 权重优化完成！训练集上最优复合分数: 0.8936
2025-09-24 15:54:05,625 - INFO - [Fold 2] 正在为Heuristic模型训练...
2025-09-24 15:54:05,635 - INFO - 分层规则生成器初始化完成。
2025-09-24 15:54:05,635 - INFO - 成功生成 7 条基于启发式知识的分层规则。
2025-09-24 15:54:05,636 - INFO - 规则优化器初始化完成 (复合目标优化模式)。
2025-09-24 15:54:05,636 - INFO - 开始对 7 条规则的权重进行优化 (最大迭代次数: 30)...
2025-09-24 15:58:20,936 - INFO - 权重优化完成！训练集上最优复合分数: 0.8914
2025-09-24 15:58:20,936 - INFO - 分层BRB推理引擎初始化完成。 (模式: 启用病史调节)
2025-09-24 15:58:20,977 - INFO - 分层BRB推理引擎初始化完成。 (模式: 关闭病史调节)
2025-09-24 15:58:21,019 - INFO - 分层BRB推理引擎初始化完成。 (模式: 启用病史调节)
2025-09-24 15:58:21,453 - INFO - 第 2 折完成.
2025-09-24 15:58:21,459 - INFO - 
--- 正在进行第 3/10 折 ---
2025-09-24 15:58:21,461 - INFO - [Fold 3] 正在为SEM-Based模型训练...
2025-09-24 15:58:21,469 - INFO - 分层规则生成器初始化完成。
2025-09-24 15:58:21,469 - INFO - 成功生成 7 条基于SEM知识的分层规则。
2025-09-24 15:58:21,472 - INFO - 规则优化器初始化完成 (复合目标优化模式)。
2025-09-24 15:58:21,472 - INFO - 开始对 7 条规则的权重进行优化 (最大迭代次数: 30)...
2025-09-24 16:02:35,247 - INFO - 权重优化完成！训练集上最优复合分数: 0.8970
2025-09-24 16:02:35,247 - INFO - [Fold 3] 正在为Heuristic模型训练...
2025-09-24 16:02:35,256 - INFO - 分层规则生成器初始化完成。
2025-09-24 16:02:35,258 - INFO - 成功生成 7 条基于启发式知识的分层规则。
2025-09-24 16:02:35,259 - INFO - 规则优化器初始化完成 (复合目标优化模式)。
2025-09-24 16:02:35,259 - INFO - 开始对 7 条规则的权重进行优化 (最大迭代次数: 30)...
2025-09-24 16:08:13,604 - INFO - 权重优化完成！训练集上最优复合分数: 0.8958
2025-09-24 16:08:13,604 - INFO - 分层BRB推理引擎初始化完成。 (模式: 启用病史调节)
2025-09-24 16:08:13,634 - INFO - 分层BRB推理引擎初始化完成。 (模式: 关闭病史调节)
2025-09-24 16:08:13,660 - INFO - 分层BRB推理引擎初始化完成。 (模式: 启用病史调节)
2025-09-24 16:08:14,022 - INFO - 第 3 折完成.
2025-09-24 16:08:14,023 - INFO - 
--- 正在进行第 4/10 折 ---
2025-09-24 16:08:14,025 - INFO - [Fold 4] 正在为SEM-Based模型训练...
2025-09-24 16:08:14,030 - INFO - 分层规则生成器初始化完成。
2025-09-24 16:08:14,031 - INFO - 成功生成 7 条基于SEM知识的分层规则。
2025-09-24 16:08:14,031 - INFO - 规则优化器初始化完成 (复合目标优化模式)。
2025-09-24 16:08:14,033 - INFO - 开始对 7 条规则的权重进行优化 (最大迭代次数: 30)...
2025-09-24 16:13:16,585 - INFO - 权重优化完成！训练集上最优复合分数: 0.8903
2025-09-24 16:13:16,585 - INFO - [Fold 4] 正在为Heuristic模型训练...
2025-09-24 16:13:16,592 - INFO - 分层规则生成器初始化完成。
2025-09-24 16:13:16,592 - INFO - 成功生成 7 条基于启发式知识的分层规则。
2025-09-24 16:13:16,592 - INFO - 规则优化器初始化完成 (复合目标优化模式)。
2025-09-24 16:13:16,593 - INFO - 开始对 7 条规则的权重进行优化 (最大迭代次数: 30)...
2025-09-24 16:16:59,107 - INFO - 权重优化完成！训练集上最优复合分数: 0.8863
2025-09-24 16:16:59,110 - INFO - 分层BRB推理引擎初始化完成。 (模式: 启用病史调节)
2025-09-24 16:16:59,136 - INFO - 分层BRB推理引擎初始化完成。 (模式: 关闭病史调节)
2025-09-24 16:16:59,166 - INFO - 分层BRB推理引擎初始化完成。 (模式: 启用病史调节)
2025-09-24 16:16:59,523 - INFO - 第 4 折完成.
2025-09-24 16:16:59,523 - INFO - 
--- 正在进行第 5/10 折 ---
2025-09-24 16:16:59,523 - INFO - [Fold 5] 正在为SEM-Based模型训练...
2025-09-24 16:16:59,533 - INFO - 分层规则生成器初始化完成。
2025-09-24 16:16:59,534 - INFO - 成功生成 7 条基于SEM知识的分层规则。
2025-09-24 16:16:59,535 - INFO - 规则优化器初始化完成 (复合目标优化模式)。
2025-09-24 16:16:59,535 - INFO - 开始对 7 条规则的权重进行优化 (最大迭代次数: 30)...
2025-09-24 16:21:43,993 - INFO - 权重优化完成！训练集上最优复合分数: 0.8948
2025-09-24 16:21:43,993 - INFO - [Fold 5] 正在为Heuristic模型训练...
2025-09-24 16:21:44,002 - INFO - 分层规则生成器初始化完成。
2025-09-24 16:21:44,003 - INFO - 成功生成 7 条基于启发式知识的分层规则。
2025-09-24 16:21:44,003 - INFO - 规则优化器初始化完成 (复合目标优化模式)。
2025-09-24 16:21:44,003 - INFO - 开始对 7 条规则的权重进行优化 (最大迭代次数: 30)...
2025-09-24 16:25:26,569 - INFO - 权重优化完成！训练集上最优复合分数: 0.8932
2025-09-24 16:25:26,569 - INFO - 分层BRB推理引擎初始化完成。 (模式: 启用病史调节)
2025-09-24 16:25:26,603 - INFO - 分层BRB推理引擎初始化完成。 (模式: 关闭病史调节)
2025-09-24 16:25:26,631 - INFO - 分层BRB推理引擎初始化完成。 (模式: 启用病史调节)
2025-09-24 16:25:26,966 - INFO - 第 5 折完成.
2025-09-24 16:25:26,971 - INFO - 
--- 正在进行第 6/10 折 ---
2025-09-24 16:25:26,971 - INFO - [Fold 6] 正在为SEM-Based模型训练...
2025-09-24 16:25:26,979 - INFO - 分层规则生成器初始化完成。
2025-09-24 16:25:26,979 - INFO - 成功生成 7 条基于SEM知识的分层规则。
2025-09-24 16:25:26,982 - INFO - 规则优化器初始化完成 (复合目标优化模式)。
2025-09-24 16:25:26,982 - INFO - 开始对 7 条规则的权重进行优化 (最大迭代次数: 30)...
2025-09-24 16:27:49,620 - INFO - 权重优化完成！训练集上最优复合分数: 0.8982
2025-09-24 16:27:49,620 - INFO - [Fold 6] 正在为Heuristic模型训练...
2025-09-24 16:27:49,629 - INFO - 分层规则生成器初始化完成。
2025-09-24 16:27:49,629 - INFO - 成功生成 7 条基于启发式知识的分层规则。
2025-09-24 16:27:49,629 - INFO - 规则优化器初始化完成 (复合目标优化模式)。
2025-09-24 16:27:49,629 - INFO - 开始对 7 条规则的权重进行优化 (最大迭代次数: 30)...
2025-09-24 16:30:50,896 - INFO - 权重优化完成！训练集上最优复合分数: 0.8986
2025-09-24 16:30:50,896 - INFO - 分层BRB推理引擎初始化完成。 (模式: 启用病史调节)
2025-09-24 16:30:50,920 - INFO - 分层BRB推理引擎初始化完成。 (模式: 关闭病史调节)
2025-09-24 16:30:50,950 - INFO - 分层BRB推理引擎初始化完成。 (模式: 启用病史调节)
2025-09-24 16:30:51,250 - INFO - 第 6 折完成.
2025-09-24 16:30:51,250 - INFO - 
--- 正在进行第 7/10 折 ---
2025-09-24 16:30:51,250 - INFO - [Fold 7] 正在为SEM-Based模型训练...
2025-09-24 16:30:51,255 - INFO - 分层规则生成器初始化完成。
2025-09-24 16:30:51,255 - INFO - 成功生成 7 条基于SEM知识的分层规则。
2025-09-24 16:30:51,260 - INFO - 规则优化器初始化完成 (复合目标优化模式)。
2025-09-24 16:30:51,260 - INFO - 开始对 7 条规则的权重进行优化 (最大迭代次数: 30)...
2025-09-24 16:36:05,659 - INFO - 权重优化完成！训练集上最优复合分数: 0.8947
2025-09-24 16:36:05,659 - INFO - [Fold 7] 正在为Heuristic模型训练...
2025-09-24 16:36:05,664 - INFO - 分层规则生成器初始化完成。
2025-09-24 16:36:05,664 - INFO - 成功生成 7 条基于启发式知识的分层规则。
2025-09-24 16:36:05,664 - INFO - 规则优化器初始化完成 (复合目标优化模式)。
2025-09-24 16:36:05,669 - INFO - 开始对 7 条规则的权重进行优化 (最大迭代次数: 30)...
2025-09-24 16:39:24,790 - INFO - 权重优化完成！训练集上最优复合分数: 0.8916
2025-09-24 16:39:24,790 - INFO - 分层BRB推理引擎初始化完成。 (模式: 启用病史调节)
2025-09-24 16:39:24,817 - INFO - 分层BRB推理引擎初始化完成。 (模式: 关闭病史调节)
2025-09-24 16:39:24,847 - INFO - 分层BRB推理引擎初始化完成。 (模式: 启用病史调节)
2025-09-24 16:39:25,134 - INFO - 第 7 折完成.
2025-09-24 16:39:25,135 - INFO - 
--- 正在进行第 8/10 折 ---
2025-09-24 16:39:25,135 - INFO - [Fold 8] 正在为SEM-Based模型训练...
2025-09-24 16:39:25,142 - INFO - 分层规则生成器初始化完成。
2025-09-24 16:39:25,144 - INFO - 成功生成 7 条基于SEM知识的分层规则。
2025-09-24 16:39:25,144 - INFO - 规则优化器初始化完成 (复合目标优化模式)。
2025-09-24 16:39:25,144 - INFO - 开始对 7 条规则的权重进行优化 (最大迭代次数: 30)...
2025-09-24 16:43:00,932 - INFO - 权重优化完成！训练集上最优复合分数: 0.8901
2025-09-24 16:43:00,932 - INFO - [Fold 8] 正在为Heuristic模型训练...
2025-09-24 16:43:00,939 - INFO - 分层规则生成器初始化完成。
2025-09-24 16:43:00,941 - INFO - 成功生成 7 条基于启发式知识的分层规则。
2025-09-24 16:43:00,941 - INFO - 规则优化器初始化完成 (复合目标优化模式)。
2025-09-24 16:43:00,942 - INFO - 开始对 7 条规则的权重进行优化 (最大迭代次数: 30)...
2025-09-24 16:46:33,656 - INFO - 权重优化完成！训练集上最优复合分数: 0.8875
2025-09-24 16:46:33,656 - INFO - 分层BRB推理引擎初始化完成。 (模式: 启用病史调节)
2025-09-24 16:46:33,690 - INFO - 分层BRB推理引擎初始化完成。 (模式: 关闭病史调节)
2025-09-24 16:46:33,716 - INFO - 分层BRB推理引擎初始化完成。 (模式: 启用病史调节)
2025-09-24 16:46:34,046 - INFO - 第 8 折完成.
2025-09-24 16:46:34,046 - INFO - 
--- 正在进行第 9/10 折 ---
2025-09-24 16:46:34,051 - INFO - [Fold 9] 正在为SEM-Based模型训练...
2025-09-24 16:46:34,056 - INFO - 分层规则生成器初始化完成。
2025-09-24 16:46:34,056 - INFO - 成功生成 7 条基于SEM知识的分层规则。
2025-09-24 16:46:34,058 - INFO - 规则优化器初始化完成 (复合目标优化模式)。
2025-09-24 16:46:34,058 - INFO - 开始对 7 条规则的权重进行优化 (最大迭代次数: 30)...
2025-09-24 16:50:46,968 - INFO - 权重优化完成！训练集上最优复合分数: 0.8938
2025-09-24 16:50:46,968 - INFO - [Fold 9] 正在为Heuristic模型训练...
2025-09-24 16:50:46,978 - INFO - 分层规则生成器初始化完成。
2025-09-24 16:50:46,978 - INFO - 成功生成 7 条基于启发式知识的分层规则。
2025-09-24 16:50:46,978 - INFO - 规则优化器初始化完成 (复合目标优化模式)。
2025-09-24 16:50:46,978 - INFO - 开始对 7 条规则的权重进行优化 (最大迭代次数: 30)...
2025-09-24 16:54:24,894 - INFO - 权重优化完成！训练集上最优复合分数: 0.8922
2025-09-24 16:54:24,894 - INFO - 分层BRB推理引擎初始化完成。 (模式: 启用病史调节)
2025-09-24 16:54:24,920 - INFO - 分层BRB推理引擎初始化完成。 (模式: 关闭病史调节)
2025-09-24 16:54:24,948 - INFO - 分层BRB推理引擎初始化完成。 (模式: 启用病史调节)
2025-09-24 16:54:25,245 - INFO - 第 9 折完成.
2025-09-24 16:54:25,245 - INFO - 
--- 正在进行第 10/10 折 ---
2025-09-24 16:54:25,245 - INFO - [Fold 10] 正在为SEM-Based模型训练...
2025-09-24 16:54:25,251 - INFO - 分层规则生成器初始化完成。
2025-09-24 16:54:25,251 - INFO - 成功生成 7 条基于SEM知识的分层规则。
2025-09-24 16:54:25,255 - INFO - 规则优化器初始化完成 (复合目标优化模式)。
2025-09-24 16:54:25,255 - INFO - 开始对 7 条规则的权重进行优化 (最大迭代次数: 30)...
2025-09-24 16:57:21,394 - INFO - 权重优化完成！训练集上最优复合分数: 0.8895
2025-09-24 16:57:21,394 - INFO - [Fold 10] 正在为Heuristic模型训练...
2025-09-24 16:57:21,403 - INFO - 分层规则生成器初始化完成。
2025-09-24 16:57:21,403 - INFO - 成功生成 7 条基于启发式知识的分层规则。
2025-09-24 16:57:21,403 - INFO - 规则优化器初始化完成 (复合目标优化模式)。
2025-09-24 16:57:21,403 - INFO - 开始对 7 条规则的权重进行优化 (最大迭代次数: 30)...
2025-09-24 17:01:29,369 - INFO - 权重优化完成！训练集上最优复合分数: 0.8899
2025-09-24 17:01:29,369 - INFO - 分层BRB推理引擎初始化完成。 (模式: 启用病史调节)
2025-09-24 17:01:29,398 - INFO - 分层BRB推理引擎初始化完成。 (模式: 关闭病史调节)
2025-09-24 17:01:29,425 - INFO - 分层BRB推理引擎初始化完成。 (模式: 启用病史调节)
2025-09-24 17:01:29,757 - INFO - 第 10 折完成.
2025-09-24 17:01:29,786 - INFO - 
========================= 所有预测结果已成功保存到 all_folds_predictions.csv =========================
2025-09-24 17:01:29,792 - INFO - ========================= 所有规则权重已成功保存到 all_folds_rule_weights.csv =========================
